Build started 8/13/2020 8:10:37 PM.
     1>Project "C:\Users\ASUS\Downloads\new\015\015\015.vcxproj" on node 2 (build target(s)).
     1>InitializeBuildStatus:
         Creating "Debug\015.unsuccessfulbuild" because "AlwaysCreate" was specified.
       ClCompile:
         All outputs are up-to-date.
       ManifestResourceCompile:
         All outputs are up-to-date.
       Link:
         C:\Program Files (x86)\Microsoft Visual Studio 10.0\VC\bin\link.exe /ERRORREPORT:PROMPT /OUT:"C:\Users\ASUS\Downloads\new\015\Debug\015.exe" /INCREMENTAL /NOLOGO kernel32.lib user32.lib gdi32.lib winspool.lib comdlg32.lib advapi32.lib shell32.lib ole32.lib oleaut32.lib uuid.lib odbc32.lib odbccp32.lib /MANIFEST /ManifestFile:"Debug\015.exe.intermediate.manifest" /MANIFESTUAC:"level='asInvoker' uiAccess='false'" /DEBUG /PDB:"C:\Users\ASUS\Downloads\new\015\Debug\015.pdb" /SUBSYSTEM:CONSOLE /TLBID:1 /DYNAMICBASE /NXCOMPAT /IMPLIB:"C:\Users\ASUS\Downloads\new\015\Debug\015.lib" /MACHINE:X86 Debug\015.exe.embed.manifest.res
         Debug\6306021612015.obj
       Manifest:
         C:\Program Files (x86)\Microsoft SDKs\Windows\v7.0A\bin\mt.exe /nologo /verbose /out:"Debug\015.exe.embed.manifest" /manifest Debug\015.exe.intermediate.manifest
         All outputs are up-to-date.
       LinkEmbedManifest:
         All outputs are up-to-date.
         015.vcxproj -> C:\Users\ASUS\Downloads\new\015\Debug\015.exe
       FinalizeBuildStatus:
         Deleting file "Debug\015.unsuccessfulbuild".
         Touching "Debug\015.lastbuildstate".
     1>Done Building Project "C:\Users\ASUS\Downloads\new\015\015\015.vcxproj" (build target(s)).

Build succeeded.

Time Elapsed 00:00:00.34
