Build started 8/13/2020 3:39:21 PM.
     1>Project "C:\Users\ADMIN\Documents\Visual Studio 2010\Projects\new2\new2\new2\new2.vcxproj" on node 2 (build target(s)).
     1>InitializeBuildStatus:
         Creating "Debug\new2.unsuccessfulbuild" because "AlwaysCreate" was specified.
       ClCompile:
         All outputs are up-to-date.
       ManifestResourceCompile:
         C:\Program Files (x86)\Microsoft SDKs\Windows\v7.0A\bin\rc.exe /nologo /fo"Debug\new2.exe.embed.manifest.res" Debug\new2_manifest.rc 
       Link:
         C:\Program Files (x86)\Microsoft Visual Studio 10.0\VC\bin\link.exe /ERRORREPORT:PROMPT /OUT:"C:\Users\ADMIN\Documents\Visual Studio 2010\Projects\new2\new2\Debug\new2.exe" /INCREMENTAL /NOLOGO kernel32.lib user32.lib gdi32.lib winspool.lib comdlg32.lib advapi32.lib shell32.lib ole32.lib oleaut32.lib uuid.lib odbc32.lib odbccp32.lib /MANIFEST /ManifestFile:"Debug\new2.exe.intermediate.manifest" /MANIFESTUAC:"level='asInvoker' uiAccess='false'" /DEBUG /PDB:"C:\Users\ADMIN\Documents\Visual Studio 2010\Projects\new2\new2\Debug\new2.pdb" /SUBSYSTEM:CONSOLE /TLBID:1 /DYNAMICBASE /NXCOMPAT /IMPLIB:"C:\Users\ADMIN\Documents\Visual Studio 2010\Projects\new2\new2\Debug\new2.lib" /MACHINE:X86 Debug\new2.exe.embed.manifest.res
         Debug\6306021612015.obj
       Manifest:
         C:\Program Files (x86)\Microsoft SDKs\Windows\v7.0A\bin\mt.exe /nologo /verbose /out:"Debug\new2.exe.embed.manifest" /manifest Debug\new2.exe.intermediate.manifest
         C:\Program Files (x86)\Microsoft SDKs\Windows\v7.0A\bin\rc.exe /nologo /fo"Debug\new2.exe.embed.manifest.res" Debug\new2_manifest.rc 
       LinkEmbedManifest:
         C:\Program Files (x86)\Microsoft Visual Studio 10.0\VC\bin\link.exe /ERRORREPORT:PROMPT /OUT:"C:\Users\ADMIN\Documents\Visual Studio 2010\Projects\new2\new2\Debug\new2.exe" /INCREMENTAL /NOLOGO kernel32.lib user32.lib gdi32.lib winspool.lib comdlg32.lib advapi32.lib shell32.lib ole32.lib oleaut32.lib uuid.lib odbc32.lib odbccp32.lib /MANIFEST /ManifestFile:"Debug\new2.exe.intermediate.manifest" /MANIFESTUAC:"level='asInvoker' uiAccess='false'" /DEBUG /PDB:"C:\Users\ADMIN\Documents\Visual Studio 2010\Projects\new2\new2\Debug\new2.pdb" /SUBSYSTEM:CONSOLE /TLBID:1 /DYNAMICBASE /NXCOMPAT /IMPLIB:"C:\Users\ADMIN\Documents\Visual Studio 2010\Projects\new2\new2\Debug\new2.lib" /MACHINE:X86 Debug\new2.exe.embed.manifest.res
         Debug\6306021612015.obj
         new2.vcxproj -> C:\Users\ADMIN\Documents\Visual Studio 2010\Projects\new2\new2\Debug\new2.exe
       FinalizeBuildStatus:
         Deleting file "Debug\new2.unsuccessfulbuild".
         Touching "Debug\new2.lastbuildstate".
     1>Done Building Project "C:\Users\ADMIN\Documents\Visual Studio 2010\Projects\new2\new2\new2\new2.vcxproj" (build target(s)).

Build succeeded.

Time Elapsed 00:00:00.64
